2020-04-28 01:35:48,122 UTC - INFO - (PID: 17517) - vscode_datascience_helpers.kernel_launcher_daemon.PythonDaemon - Execute rpc method interrupt_kernel in DS Daemon
2020-04-28 01:35:48,123 UTC - INFO - (PID: 17517) - vscode_datascience_helpers.kernel_launcher_daemon.PythonDaemon - Execute rpc method interrupt_kernel from /Users/donjayamanne/Desktop/Development/crap/docBug/venvForWidgets/bin/python
2020-04-28 01:35:48,123 UTC - INFO - (PID: 17517) - vscode_datascience_helpers.kernel_launcher_daemon.PythonDaemon - Interrupt kernel in DS Kernel Launcher Daemon
2020-04-28 01:38:05,291 UTC - INFO - (PID: 17517) - vscode_datascience_helpers.kernel_launcher_daemon.PythonDaemon - Execute rpc method kill_kernel in DS Daemon
2020-04-28 01:38:05,291 UTC - INFO - (PID: 17517) - vscode_datascience_helpers.kernel_launcher_daemon.PythonDaemon - Execute rpc method kill_kernel from /Users/donjayamanne/Desktop/Development/crap/docBug/venvForWidgets/bin/python
2020-04-28 01:38:05,292 UTC - INFO - (PID: 17517) - vscode_datascience_helpers.kernel_launcher_daemon.PythonDaemon - Kill kernel in DS Kernel Launcher Daemon
2020-04-28 01:38:06,088 UTC - INFO - (PID: 17557) - vscode_datascience_helpers.kernel_launcher_daemon.PythonDaemon - Execute rpc method start_prewarmed_kernel in DS Daemon
2020-04-28 01:38:06,089 UTC - INFO - (PID: 17557) - vscode_datascience_helpers.kernel_launcher_daemon.PythonDaemon - Execute rpc method start_prewarmed_kernel from /Users/donjayamanne/Desktop/Development/crap/docBug/venvForWidgets/bin/python
2020-04-28 01:38:06,089 UTC - INFO - (PID: 17557) - vscode_datascience_helpers.kernel_launcher_daemon.PythonDaemon - Start pre-warmed Kernel in DS Kernel Launcher Daemon with args ['ipykernel_launcher', '-f', '/var/folders/56/9h11nzxj6b78yvk72vsngk140000gn/T/tmp-166085ogSK6HYwnt0.json']
2020-04-28 01:38:06,734 UTC - INFO - (PID: 17670) - __main__ - Starting daemon from vscode_datascience_helpers.kernel_launcher_daemon.PythonDaemon
2020-04-28 01:38:06,759 UTC - INFO - (PID: 17670) - vscode_datascience_helpers.daemon.daemon_python - Starting PythonDaemon Daemon
2020-04-28 01:38:06,760 UTC - INFO - (PID: 17670) - vscode_datascience_helpers.kernel_launcher_daemon.PythonDaemon - DataScience Daemon init
2020-04-28 01:38:06,760 UTC - INFO - (PID: 17670) - vscode_datascience_helpers.kernel_launcher_daemon.PythonDaemon - DataScience Kernel Launcher Daemon init
2020-04-28 01:38:06,760 UTC - INFO - (PID: 17670) - vscode_datascience_helpers.daemon.daemon_output - Redirect stdout/stderr
2020-04-28 01:38:06,760 UTC - INFO - (PID: 17670) - vscode_datascience_helpers.kernel_launcher_daemon.PythonDaemon - Execute rpc method ping in DS Daemon
2020-04-28 01:38:06,760 UTC - INFO - (PID: 17670) - vscode_datascience_helpers.kernel_launcher_daemon.PythonDaemon - Execute rpc method ping from /Users/donjayamanne/Desktop/Development/crap/docBug/venvForWidgets/bin/python
2020-04-28 01:38:06,761 UTC - INFO - (PID: 17670) - vscode_datascience_helpers.kernel_launcher_daemon.PythonDaemon - pinged with hello
2020-04-28 01:38:06,761 UTC - INFO - (PID: 17670) - vscode_datascience_helpers.kernel_launcher_daemon.PythonDaemon - Execute rpc method prewarm_kernel in DS Daemon
2020-04-28 01:38:06,762 UTC - INFO - (PID: 17670) - vscode_datascience_helpers.kernel_launcher_daemon.PythonDaemon - Execute rpc method prewarm_kernel from /Users/donjayamanne/Desktop/Development/crap/docBug/venvForWidgets/bin/python
2020-04-28 01:38:06,762 UTC - INFO - (PID: 17670) - vscode_datascience_helpers.kernel_launcher_daemon.PythonDaemon - Pre-Warm DS Kernel in DS Kernel Launcher Daemon
2020-04-28 01:38:06,762 UTC - INFO - (PID: 17670) - vscode_datascience_helpers.kernel_launcher_daemon.PythonDaemon - Exec in DS Kernel Launcher Daemon (observable) ['/Users/donjayamanne/Desktop/Development/crap/docBug/venvForWidgets/bin/python', '/Users/donjayamanne/Desktop/Development/vsc/pythonVSCode/pythonFiles/vscode_datascience_helpers/../pyvsc-run-isolated.py', '/Users/donjayamanne/Desktop/Development/vsc/pythonVSCode/pythonFiles/vscode_datascience_helpers/kernel_prewarm_starter.py']
2020-04-28 01:38:06,765 UTC - INFO - (PID: 17670) - vscode_datascience_helpers.kernel_launcher_daemon.PythonDaemon - Exec in DS Kernel Launcher Daemon (observable)
2020-04-28 01:38:06,765 UTC - INFO - (PID: 17670) - vscode_datascience_helpers.kernel_launcher_daemon.PythonDaemon - Kernel launched, with PID 17672
2020-04-28 01:38:09,006 UTC - INFO - (PID: 17529) - vscode_datascience_helpers.kernel_launcher_daemon.PythonDaemon - Execute rpc method kill_kernel in DS Daemon
2020-04-28 01:38:09,006 UTC - INFO - (PID: 17529) - vscode_datascience_helpers.kernel_launcher_daemon.PythonDaemon - Execute rpc method kill_kernel from /Users/donjayamanne/Desktop/Development/crap/docBug/venvForWidgets/bin/python
2020-04-28 01:38:09,006 UTC - INFO - (PID: 17529) - vscode_datascience_helpers.kernel_launcher_daemon.PythonDaemon - Kill kernel in DS Kernel Launcher Daemon
2020-04-28 01:38:09,638 UTC - INFO - (PID: 17670) - vscode_datascience_helpers.kernel_launcher_daemon.PythonDaemon - Execute rpc method start_prewarmed_kernel in DS Daemon
2020-04-28 01:38:09,638 UTC - INFO - (PID: 17670) - vscode_datascience_helpers.kernel_launcher_daemon.PythonDaemon - Execute rpc method start_prewarmed_kernel from /Users/donjayamanne/Desktop/Development/crap/docBug/venvForWidgets/bin/python
2020-04-28 01:38:09,638 UTC - INFO - (PID: 17670) - vscode_datascience_helpers.kernel_launcher_daemon.PythonDaemon - Start pre-warmed Kernel in DS Kernel Launcher Daemon with args ['ipykernel_launcher', '-f', '/var/folders/56/9h11nzxj6b78yvk72vsngk140000gn/T/tmp-16608NZDXrcODbXcx.json']
2020-04-28 01:38:09,644 UTC - INFO - (PID: 17670) - vscode_datascience_helpers.daemon.daemon_output - write to stdout: start

2020-04-28 01:38:10,270 UTC - INFO - (PID: 17682) - __main__ - Starting daemon from vscode_datascience_helpers.kernel_launcher_daemon.PythonDaemon
2020-04-28 01:38:10,290 UTC - INFO - (PID: 17682) - vscode_datascience_helpers.daemon.daemon_python - Starting PythonDaemon Daemon
2020-04-28 01:38:10,291 UTC - INFO - (PID: 17682) - vscode_datascience_helpers.kernel_launcher_daemon.PythonDaemon - DataScience Daemon init
2020-04-28 01:38:10,291 UTC - INFO - (PID: 17682) - vscode_datascience_helpers.kernel_launcher_daemon.PythonDaemon - DataScience Kernel Launcher Daemon init
2020-04-28 01:38:10,291 UTC - INFO - (PID: 17682) - vscode_datascience_helpers.daemon.daemon_output - Redirect stdout/stderr
2020-04-28 01:38:10,291 UTC - INFO - (PID: 17682) - vscode_datascience_helpers.kernel_launcher_daemon.PythonDaemon - Execute rpc method ping in DS Daemon
2020-04-28 01:38:10,291 UTC - INFO - (PID: 17682) - vscode_datascience_helpers.kernel_launcher_daemon.PythonDaemon - Execute rpc method ping from /Users/donjayamanne/Desktop/Development/crap/docBug/venvForWidgets/bin/python
2020-04-28 01:38:10,291 UTC - INFO - (PID: 17682) - vscode_datascience_helpers.kernel_launcher_daemon.PythonDaemon - pinged with hello
2020-04-28 01:38:10,293 UTC - INFO - (PID: 17682) - vscode_datascience_helpers.kernel_launcher_daemon.PythonDaemon - Execute rpc method prewarm_kernel in DS Daemon
2020-04-28 01:38:10,293 UTC - INFO - (PID: 17682) - vscode_datascience_helpers.kernel_launcher_daemon.PythonDaemon - Execute rpc method prewarm_kernel from /Users/donjayamanne/Desktop/Development/crap/docBug/venvForWidgets/bin/python
2020-04-28 01:38:10,293 UTC - INFO - (PID: 17682) - vscode_datascience_helpers.kernel_launcher_daemon.PythonDaemon - Pre-Warm DS Kernel in DS Kernel Launcher Daemon
2020-04-28 01:38:10,293 UTC - INFO - (PID: 17682) - vscode_datascience_helpers.kernel_launcher_daemon.PythonDaemon - Exec in DS Kernel Launcher Daemon (observable) ['/Users/donjayamanne/Desktop/Development/crap/docBug/venvForWidgets/bin/python', '/Users/donjayamanne/Desktop/Development/vsc/pythonVSCode/pythonFiles/vscode_datascience_helpers/../pyvsc-run-isolated.py', '/Users/donjayamanne/Desktop/Development/vsc/pythonVSCode/pythonFiles/vscode_datascience_helpers/kernel_prewarm_starter.py']
2020-04-28 01:38:10,295 UTC - INFO - (PID: 17682) - vscode_datascience_helpers.kernel_launcher_daemon.PythonDaemon - Exec in DS Kernel Launcher Daemon (observable)
2020-04-28 01:38:10,295 UTC - INFO - (PID: 17682) - vscode_datascience_helpers.kernel_launcher_daemon.PythonDaemon - Kernel launched, with PID 17684
2020-04-28 01:38:12,273 UTC - INFO - (PID: 17557) - vscode_datascience_helpers.kernel_launcher_daemon.PythonDaemon - Execute rpc method kill_kernel in DS Daemon
2020-04-28 01:38:12,273 UTC - INFO - (PID: 17557) - vscode_datascience_helpers.kernel_launcher_daemon.PythonDaemon - Execute rpc method kill_kernel from /Users/donjayamanne/Desktop/Development/crap/docBug/venvForWidgets/bin/python
2020-04-28 01:38:12,274 UTC - INFO - (PID: 17557) - vscode_datascience_helpers.kernel_launcher_daemon.PythonDaemon - Kill kernel in DS Kernel Launcher Daemon
2020-04-28 01:38:12,873 UTC - INFO - (PID: 17682) - vscode_datascience_helpers.kernel_launcher_daemon.PythonDaemon - Execute rpc method start_prewarmed_kernel in DS Daemon
2020-04-28 01:38:12,874 UTC - INFO - (PID: 17682) - vscode_datascience_helpers.kernel_launcher_daemon.PythonDaemon - Execute rpc method start_prewarmed_kernel from /Users/donjayamanne/Desktop/Development/crap/docBug/venvForWidgets/bin/python
2020-04-28 01:38:12,874 UTC - INFO - (PID: 17682) - vscode_datascience_helpers.kernel_launcher_daemon.PythonDaemon - Start pre-warmed Kernel in DS Kernel Launcher Daemon with args ['ipykernel_launcher', '-f', '/var/folders/56/9h11nzxj6b78yvk72vsngk140000gn/T/tmp-166088L9uM6Jm4D7P.json']
2020-04-28 01:38:12,874 UTC - INFO - (PID: 17682) - vscode_datascience_helpers.daemon.daemon_output - write to stdout: start

2020-04-28 01:38:13,575 UTC - INFO - (PID: 17694) - __main__ - Starting daemon from vscode_datascience_helpers.kernel_launcher_daemon.PythonDaemon
2020-04-28 01:38:13,594 UTC - INFO - (PID: 17694) - vscode_datascience_helpers.daemon.daemon_python - Starting PythonDaemon Daemon
2020-04-28 01:38:13,595 UTC - INFO - (PID: 17694) - vscode_datascience_helpers.kernel_launcher_daemon.PythonDaemon - DataScience Daemon init
2020-04-28 01:38:13,595 UTC - INFO - (PID: 17694) - vscode_datascience_helpers.kernel_launcher_daemon.PythonDaemon - DataScience Kernel Launcher Daemon init
2020-04-28 01:38:13,595 UTC - INFO - (PID: 17694) - vscode_datascience_helpers.daemon.daemon_output - Redirect stdout/stderr
2020-04-28 01:38:13,595 UTC - INFO - (PID: 17694) - vscode_datascience_helpers.kernel_launcher_daemon.PythonDaemon - Execute rpc method ping in DS Daemon
2020-04-28 01:38:13,595 UTC - INFO - (PID: 17694) - vscode_datascience_helpers.kernel_launcher_daemon.PythonDaemon - Execute rpc method ping from /Users/donjayamanne/Desktop/Development/crap/docBug/venvForWidgets/bin/python
2020-04-28 01:38:13,595 UTC - INFO - (PID: 17694) - vscode_datascience_helpers.kernel_launcher_daemon.PythonDaemon - pinged with hello
2020-04-28 01:38:13,596 UTC - INFO - (PID: 17694) - vscode_datascience_helpers.kernel_launcher_daemon.PythonDaemon - Execute rpc method prewarm_kernel in DS Daemon
2020-04-28 01:38:13,597 UTC - INFO - (PID: 17694) - vscode_datascience_helpers.kernel_launcher_daemon.PythonDaemon - Execute rpc method prewarm_kernel from /Users/donjayamanne/Desktop/Development/crap/docBug/venvForWidgets/bin/python
2020-04-28 01:38:13,597 UTC - INFO - (PID: 17694) - vscode_datascience_helpers.kernel_launcher_daemon.PythonDaemon - Pre-Warm DS Kernel in DS Kernel Launcher Daemon
2020-04-28 01:38:13,597 UTC - INFO - (PID: 17694) - vscode_datascience_helpers.kernel_launcher_daemon.PythonDaemon - Exec in DS Kernel Launcher Daemon (observable) ['/Users/donjayamanne/Desktop/Development/crap/docBug/venvForWidgets/bin/python', '/Users/donjayamanne/Desktop/Development/vsc/pythonVSCode/pythonFiles/vscode_datascience_helpers/../pyvsc-run-isolated.py', '/Users/donjayamanne/Desktop/Development/vsc/pythonVSCode/pythonFiles/vscode_datascience_helpers/kernel_prewarm_starter.py']
2020-04-28 01:38:13,599 UTC - INFO - (PID: 17694) - vscode_datascience_helpers.kernel_launcher_daemon.PythonDaemon - Exec in DS Kernel Launcher Daemon (observable)
2020-04-28 01:38:13,599 UTC - INFO - (PID: 17694) - vscode_datascience_helpers.kernel_launcher_daemon.PythonDaemon - Kernel launched, with PID 17696
2020-04-28 01:38:16,136 UTC - INFO - (PID: 17670) - vscode_datascience_helpers.kernel_launcher_daemon.PythonDaemon - Execute rpc method kill_kernel in DS Daemon
2020-04-28 01:38:16,136 UTC - INFO - (PID: 17670) - vscode_datascience_helpers.kernel_launcher_daemon.PythonDaemon - Execute rpc method kill_kernel from /Users/donjayamanne/Desktop/Development/crap/docBug/venvForWidgets/bin/python
2020-04-28 01:38:16,136 UTC - INFO - (PID: 17670) - vscode_datascience_helpers.kernel_launcher_daemon.PythonDaemon - Kill kernel in DS Kernel Launcher Daemon
2020-04-28 01:38:16,141 UTC - INFO - (PID: 17682) - vscode_datascience_helpers.kernel_launcher_daemon.PythonDaemon - Execute rpc method kill_kernel in DS Daemon
2020-04-28 01:38:16,142 UTC - INFO - (PID: 17682) - vscode_datascience_helpers.kernel_launcher_daemon.PythonDaemon - Execute rpc method kill_kernel from /Users/donjayamanne/Desktop/Development/crap/docBug/venvForWidgets/bin/python
2020-04-28 01:38:16,142 UTC - INFO - (PID: 17682) - vscode_datascience_helpers.kernel_launcher_daemon.PythonDaemon - Kill kernel in DS Kernel Launcher Daemon
2020-04-28 01:38:20,090 UTC - INFO - (PID: 17694) - vscode_datascience_helpers.kernel_launcher_daemon.PythonDaemon - Execute rpc method start_prewarmed_kernel in DS Daemon
2020-04-28 01:38:20,090 UTC - INFO - (PID: 17694) - vscode_datascience_helpers.kernel_launcher_daemon.PythonDaemon - Execute rpc method start_prewarmed_kernel from /Users/donjayamanne/Desktop/Development/crap/docBug/venvForWidgets/bin/python
2020-04-28 01:38:20,091 UTC - INFO - (PID: 17694) - vscode_datascience_helpers.kernel_launcher_daemon.PythonDaemon - Start pre-warmed Kernel in DS Kernel Launcher Daemon with args ['ipykernel_launcher', '-f', '/var/folders/56/9h11nzxj6b78yvk72vsngk140000gn/T/tmp-16608TARsXXdC9VYv.json']
2020-04-28 01:38:20,093 UTC - INFO - (PID: 17694) - vscode_datascience_helpers.daemon.daemon_output - write to stdout: start

2020-04-28 01:38:20,720 UTC - INFO - (PID: 17710) - __main__ - Starting daemon from vscode_datascience_helpers.kernel_launcher_daemon.PythonDaemon
2020-04-28 01:38:20,738 UTC - INFO - (PID: 17710) - vscode_datascience_helpers.daemon.daemon_python - Starting PythonDaemon Daemon
2020-04-28 01:38:20,739 UTC - INFO - (PID: 17710) - vscode_datascience_helpers.kernel_launcher_daemon.PythonDaemon - DataScience Daemon init
2020-04-28 01:38:20,739 UTC - INFO - (PID: 17710) - vscode_datascience_helpers.kernel_launcher_daemon.PythonDaemon - DataScience Kernel Launcher Daemon init
2020-04-28 01:38:20,739 UTC - INFO - (PID: 17710) - vscode_datascience_helpers.daemon.daemon_output - Redirect stdout/stderr
2020-04-28 01:38:20,739 UTC - INFO - (PID: 17710) - vscode_datascience_helpers.kernel_launcher_daemon.PythonDaemon - Execute rpc method ping in DS Daemon
2020-04-28 01:38:20,739 UTC - INFO - (PID: 17710) - vscode_datascience_helpers.kernel_launcher_daemon.PythonDaemon - Execute rpc method ping from /Users/donjayamanne/Desktop/Development/crap/docBug/venvForWidgets/bin/python
2020-04-28 01:38:20,739 UTC - INFO - (PID: 17710) - vscode_datascience_helpers.kernel_launcher_daemon.PythonDaemon - pinged with hello
2020-04-28 01:38:20,740 UTC - INFO - (PID: 17710) - vscode_datascience_helpers.kernel_launcher_daemon.PythonDaemon - Execute rpc method prewarm_kernel in DS Daemon
2020-04-28 01:38:20,741 UTC - INFO - (PID: 17710) - vscode_datascience_helpers.kernel_launcher_daemon.PythonDaemon - Execute rpc method prewarm_kernel from /Users/donjayamanne/Desktop/Development/crap/docBug/venvForWidgets/bin/python
2020-04-28 01:38:20,741 UTC - INFO - (PID: 17710) - vscode_datascience_helpers.kernel_launcher_daemon.PythonDaemon - Pre-Warm DS Kernel in DS Kernel Launcher Daemon
2020-04-28 01:38:20,741 UTC - INFO - (PID: 17710) - vscode_datascience_helpers.kernel_launcher_daemon.PythonDaemon - Exec in DS Kernel Launcher Daemon (observable) ['/Users/donjayamanne/Desktop/Development/crap/docBug/venvForWidgets/bin/python', '/Users/donjayamanne/Desktop/Development/vsc/pythonVSCode/pythonFiles/vscode_datascience_helpers/../pyvsc-run-isolated.py', '/Users/donjayamanne/Desktop/Development/vsc/pythonVSCode/pythonFiles/vscode_datascience_helpers/kernel_prewarm_starter.py']
2020-04-28 01:38:20,744 UTC - INFO - (PID: 17710) - vscode_datascience_helpers.kernel_launcher_daemon.PythonDaemon - Exec in DS Kernel Launcher Daemon (observable)
2020-04-28 01:38:20,744 UTC - INFO - (PID: 17710) - vscode_datascience_helpers.kernel_launcher_daemon.PythonDaemon - Kernel launched, with PID 17712
2020-04-28 01:38:21,817 UTC - INFO - (PID: 17710) - vscode_datascience_helpers.kernel_launcher_daemon.PythonDaemon - Execute rpc method start_prewarmed_kernel in DS Daemon
2020-04-28 01:38:21,817 UTC - INFO - (PID: 17710) - vscode_datascience_helpers.kernel_launcher_daemon.PythonDaemon - Execute rpc method start_prewarmed_kernel from /Users/donjayamanne/Desktop/Development/crap/docBug/venvForWidgets/bin/python
2020-04-28 01:38:21,817 UTC - INFO - (PID: 17710) - vscode_datascience_helpers.kernel_launcher_daemon.PythonDaemon - Start pre-warmed Kernel in DS Kernel Launcher Daemon with args ['ipykernel_launcher', '-f', '/var/folders/56/9h11nzxj6b78yvk72vsngk140000gn/T/tmp-16608OVmiGa1qr6Tx.json']
2020-04-28 01:38:21,818 UTC - INFO - (PID: 17710) - vscode_datascience_helpers.daemon.daemon_output - write to stdout: start

2020-04-28 01:38:22,835 UTC - INFO - (PID: 17722) - __main__ - Starting daemon from vscode_datascience_helpers.kernel_launcher_daemon.PythonDaemon
2020-04-28 01:38:22,854 UTC - INFO - (PID: 17722) - vscode_datascience_helpers.daemon.daemon_python - Starting PythonDaemon Daemon
2020-04-28 01:38:22,854 UTC - INFO - (PID: 17722) - vscode_datascience_helpers.kernel_launcher_daemon.PythonDaemon - DataScience Daemon init
2020-04-28 01:38:22,855 UTC - INFO - (PID: 17722) - vscode_datascience_helpers.kernel_launcher_daemon.PythonDaemon - DataScience Kernel Launcher Daemon init
2020-04-28 01:38:22,855 UTC - INFO - (PID: 17722) - vscode_datascience_helpers.daemon.daemon_output - Redirect stdout/stderr
2020-04-28 01:38:22,855 UTC - INFO - (PID: 17722) - vscode_datascience_helpers.kernel_launcher_daemon.PythonDaemon - Execute rpc method ping in DS Daemon
2020-04-28 01:38:22,855 UTC - INFO - (PID: 17722) - vscode_datascience_helpers.kernel_launcher_daemon.PythonDaemon - Execute rpc method ping from /Users/donjayamanne/Desktop/Development/crap/docBug/venvForWidgets/bin/python
2020-04-28 01:38:22,855 UTC - INFO - (PID: 17722) - vscode_datascience_helpers.kernel_launcher_daemon.PythonDaemon - pinged with hello
2020-04-28 01:38:22,856 UTC - INFO - (PID: 17722) - vscode_datascience_helpers.kernel_launcher_daemon.PythonDaemon - Execute rpc method prewarm_kernel in DS Daemon
2020-04-28 01:38:22,856 UTC - INFO - (PID: 17722) - vscode_datascience_helpers.kernel_launcher_daemon.PythonDaemon - Execute rpc method prewarm_kernel from /Users/donjayamanne/Desktop/Development/crap/docBug/venvForWidgets/bin/python
2020-04-28 01:38:22,856 UTC - INFO - (PID: 17722) - vscode_datascience_helpers.kernel_launcher_daemon.PythonDaemon - Pre-Warm DS Kernel in DS Kernel Launcher Daemon
2020-04-28 01:38:22,856 UTC - INFO - (PID: 17722) - vscode_datascience_helpers.kernel_launcher_daemon.PythonDaemon - Exec in DS Kernel Launcher Daemon (observable) ['/Users/donjayamanne/Desktop/Development/crap/docBug/venvForWidgets/bin/python', '/Users/donjayamanne/Desktop/Development/vsc/pythonVSCode/pythonFiles/vscode_datascience_helpers/../pyvsc-run-isolated.py', '/Users/donjayamanne/Desktop/Development/vsc/pythonVSCode/pythonFiles/vscode_datascience_helpers/kernel_prewarm_starter.py']
2020-04-28 01:38:22,859 UTC - INFO - (PID: 17722) - vscode_datascience_helpers.kernel_launcher_daemon.PythonDaemon - Exec in DS Kernel Launcher Daemon (observable)
2020-04-28 01:38:22,859 UTC - INFO - (PID: 17722) - vscode_datascience_helpers.kernel_launcher_daemon.PythonDaemon - Kernel launched, with PID 17724
2020-04-28 01:38:26,528 UTC - INFO - (PID: 17694) - vscode_datascience_helpers.kernel_launcher_daemon.PythonDaemon - Execute rpc method interrupt_kernel in DS Daemon
2020-04-28 01:38:26,528 UTC - INFO - (PID: 17694) - vscode_datascience_helpers.kernel_launcher_daemon.PythonDaemon - Execute rpc method interrupt_kernel from /Users/donjayamanne/Desktop/Development/crap/docBug/venvForWidgets/bin/python
2020-04-28 01:38:26,528 UTC - INFO - (PID: 17694) - vscode_datascience_helpers.kernel_launcher_daemon.PythonDaemon - Interrupt kernel in DS Kernel Launcher Daemon
2020-04-28 01:38:31,639 UTC - INFO - (PID: 17694) - vscode_datascience_helpers.kernel_launcher_daemon.PythonDaemon - Execute rpc method interrupt_kernel in DS Daemon
2020-04-28 01:38:31,640 UTC - INFO - (PID: 17694) - vscode_datascience_helpers.kernel_launcher_daemon.PythonDaemon - Execute rpc method interrupt_kernel from /Users/donjayamanne/Desktop/Development/crap/docBug/venvForWidgets/bin/python
2020-04-28 01:38:31,640 UTC - INFO - (PID: 17694) - vscode_datascience_helpers.kernel_launcher_daemon.PythonDaemon - Interrupt kernel in DS Kernel Launcher Daemon
2020-04-28 01:41:28,329 UTC - INFO - (PID: 17710) - vscode_datascience_helpers.kernel_launcher_daemon.PythonDaemon - Execute rpc method kill_kernel in DS Daemon
2020-04-28 01:41:28,329 UTC - INFO - (PID: 17710) - vscode_datascience_helpers.kernel_launcher_daemon.PythonDaemon - Execute rpc method kill_kernel from /Users/donjayamanne/Desktop/Development/crap/docBug/venvForWidgets/bin/python
2020-04-28 01:41:28,329 UTC - INFO - (PID: 17710) - vscode_datascience_helpers.kernel_launcher_daemon.PythonDaemon - Kill kernel in DS Kernel Launcher Daemon
