inside _load_data
<Start>
File "/Users/donjayamanne/.pyenv/versions/3.7.3/Python.framework/Versions/3.7/lib/python3.7/runpy.py", line 193, in _run_module_as_main
    "__main__", mod_spec)
File "/Users/donjayamanne/.pyenv/versions/3.7.3/Python.framework/Versions/3.7/lib/python3.7/runpy.py", line 85, in _run_code
    exec(code, run_globals)
File "/Users/donjayamanne/Desktop/Development/crap/docBug/venvNglView/lib/python3.7/site-packages/ipykernel_launcher.py", line 16, in <module>
    app.launch_new_instance()
File "/Users/donjayamanne/Desktop/Development/crap/docBug/venvNglView/lib/python3.7/site-packages/traitlets/config/application.py", line 664, in launch_instance
    app.start()
File "/Users/donjayamanne/Desktop/Development/crap/docBug/venvNglView/lib/python3.7/site-packages/ipykernel/kernelapp.py", line 583, in start
    self.io_loop.start()
File "/Users/donjayamanne/Desktop/Development/crap/docBug/venvNglView/lib/python3.7/site-packages/tornado/platform/asyncio.py", line 149, in start
    self.asyncio_loop.run_forever()
File "/Users/donjayamanne/.pyenv/versions/3.7.3/Python.framework/Versions/3.7/lib/python3.7/asyncio/base_events.py", line 539, in run_forever
    self._run_once()
File "/Users/donjayamanne/.pyenv/versions/3.7.3/Python.framework/Versions/3.7/lib/python3.7/asyncio/base_events.py", line 1775, in _run_once
    handle._run()
File "/Users/donjayamanne/.pyenv/versions/3.7.3/Python.framework/Versions/3.7/lib/python3.7/asyncio/events.py", line 88, in _run
    self._context.run(self._callback, *self._args)
File "/Users/donjayamanne/Desktop/Development/crap/docBug/venvNglView/lib/python3.7/site-packages/tornado/ioloop.py", line 690, in <lambda>
    lambda f: self._run_callback(functools.partial(callback, future))
File "/Users/donjayamanne/Desktop/Development/crap/docBug/venvNglView/lib/python3.7/site-packages/tornado/ioloop.py", line 743, in _run_callback
    ret = callback()
File "/Users/donjayamanne/Desktop/Development/crap/docBug/venvNglView/lib/python3.7/site-packages/tornado/gen.py", line 787, in inner
    self.run()
File "/Users/donjayamanne/Desktop/Development/crap/docBug/venvNglView/lib/python3.7/site-packages/tornado/gen.py", line 748, in run
    yielded = self.gen.send(value)
File "/Users/donjayamanne/Desktop/Development/crap/docBug/venvNglView/lib/python3.7/site-packages/ipykernel/kernelbase.py", line 365, in process_one
    yield gen.maybe_future(dispatch(*args))
File "/Users/donjayamanne/Desktop/Development/crap/docBug/venvNglView/lib/python3.7/site-packages/tornado/gen.py", line 209, in wrapper
    yielded = next(result)
File "/Users/donjayamanne/Desktop/Development/crap/docBug/venvNglView/lib/python3.7/site-packages/ipykernel/kernelbase.py", line 268, in dispatch_shell
    yield gen.maybe_future(handler(stream, idents, msg))
File "/Users/donjayamanne/Desktop/Development/crap/docBug/venvNglView/lib/python3.7/site-packages/tornado/gen.py", line 209, in wrapper
    yielded = next(result)
File "/Users/donjayamanne/Desktop/Development/crap/docBug/venvNglView/lib/python3.7/site-packages/ipykernel/kernelbase.py", line 545, in execute_request
    user_expressions, allow_stdin,
File "/Users/donjayamanne/Desktop/Development/crap/docBug/venvNglView/lib/python3.7/site-packages/tornado/gen.py", line 209, in wrapper
    yielded = next(result)
File "/Users/donjayamanne/Desktop/Development/crap/docBug/venvNglView/lib/python3.7/site-packages/ipykernel/ipkernel.py", line 300, in do_execute
    res = shell.run_cell(code, store_history=store_history, silent=silent)
File "/Users/donjayamanne/Desktop/Development/crap/docBug/venvNglView/lib/python3.7/site-packages/ipykernel/zmqshell.py", line 536, in run_cell
    return super(ZMQInteractiveShell, self).run_cell(*args, **kwargs)
File "/Users/donjayamanne/Desktop/Development/crap/docBug/venvNglView/lib/python3.7/site-packages/IPython/core/interactiveshell.py", line 2858, in run_cell
    raw_cell, store_history, silent, shell_futures)
File "/Users/donjayamanne/Desktop/Development/crap/docBug/venvNglView/lib/python3.7/site-packages/IPython/core/interactiveshell.py", line 2886, in _run_cell
    return runner(coro)
File "/Users/donjayamanne/Desktop/Development/crap/docBug/venvNglView/lib/python3.7/site-packages/IPython/core/async_helpers.py", line 68, in _pseudo_sync_runner
    coro.send(None)
File "/Users/donjayamanne/Desktop/Development/crap/docBug/venvNglView/lib/python3.7/site-packages/IPython/core/interactiveshell.py", line 3063, in run_cell_async
    interactivity=interactivity, compiler=compiler, result=result)
File "/Users/donjayamanne/Desktop/Development/crap/docBug/venvNglView/lib/python3.7/site-packages/IPython/core/interactiveshell.py", line 3254, in run_ast_nodes
    if (await self.run_code(code, result,  async_=asy)):
File "/Users/donjayamanne/Desktop/Development/crap/docBug/venvNglView/lib/python3.7/site-packages/IPython/core/interactiveshell.py", line 3331, in run_code
    exec(code_obj, self.user_global_ns, self.user_ns)
File "<ipython-input-1-3b5d343c0a6b>", line 2, in <module>
    view = nglview.show_pdbid("3pqr")
File "/Users/donjayamanne/Desktop/Development/crap/docBug/venvNglView/lib/python3.7/site-packages/nglview/show.py", line 54, in show_pdbid
    return NGLWidget(structure, **kwargs)
File "/Users/donjayamanne/Desktop/Development/crap/docBug/venvNglView/lib/python3.7/site-packages/nglview/widget.py", line 264, in __init__
    self.add_structure(structure, **kwargs)
File "/Users/donjayamanne/Desktop/Development/crap/docBug/venvNglView/lib/python3.7/site-packages/nglview/widget.py", line 1130, in add_structure
    self._load_data(structure, **kwargs)
File "/Users/donjayamanne/Desktop/Development/crap/docBug/venvNglView/lib/python3.7/site-packages/nglview/widget.py", line 1238, in _load_data
    logTB()
File "/Users/donjayamanne/Desktop/Development/crap/docBug/venvNglView/lib/python3.7/site-packages/nglview/widget.py", line 62, in logTB
    for line in traceback.format_stack():
<End>
inside _load_data.1
inside _load_data.2
_remote_call.1 loadFile
_remote_call.3 loadFile
_remote_call.4 loadFile
_remote_call.5 loadFile
inside _load_data
<Start>
File "/Users/donjayamanne/.pyenv/versions/3.7.3/Python.framework/Versions/3.7/lib/python3.7/runpy.py", line 193, in _run_module_as_main
    "__main__", mod_spec)
File "/Users/donjayamanne/.pyenv/versions/3.7.3/Python.framework/Versions/3.7/lib/python3.7/runpy.py", line 85, in _run_code
    exec(code, run_globals)
File "/Users/donjayamanne/Desktop/Development/crap/docBug/venvNglView/lib/python3.7/site-packages/ipykernel_launcher.py", line 16, in <module>
    app.launch_new_instance()
File "/Users/donjayamanne/Desktop/Development/crap/docBug/venvNglView/lib/python3.7/site-packages/traitlets/config/application.py", line 664, in launch_instance
    app.start()
File "/Users/donjayamanne/Desktop/Development/crap/docBug/venvNglView/lib/python3.7/site-packages/ipykernel/kernelapp.py", line 583, in start
    self.io_loop.start()
File "/Users/donjayamanne/Desktop/Development/crap/docBug/venvNglView/lib/python3.7/site-packages/tornado/platform/asyncio.py", line 149, in start
    self.asyncio_loop.run_forever()
File "/Users/donjayamanne/.pyenv/versions/3.7.3/Python.framework/Versions/3.7/lib/python3.7/asyncio/base_events.py", line 539, in run_forever
    self._run_once()
File "/Users/donjayamanne/.pyenv/versions/3.7.3/Python.framework/Versions/3.7/lib/python3.7/asyncio/base_events.py", line 1775, in _run_once
    handle._run()
File "/Users/donjayamanne/.pyenv/versions/3.7.3/Python.framework/Versions/3.7/lib/python3.7/asyncio/events.py", line 88, in _run
    self._context.run(self._callback, *self._args)
File "/Users/donjayamanne/Desktop/Development/crap/docBug/venvNglView/lib/python3.7/site-packages/tornado/ioloop.py", line 690, in <lambda>
    lambda f: self._run_callback(functools.partial(callback, future))
File "/Users/donjayamanne/Desktop/Development/crap/docBug/venvNglView/lib/python3.7/site-packages/tornado/ioloop.py", line 743, in _run_callback
    ret = callback()
File "/Users/donjayamanne/Desktop/Development/crap/docBug/venvNglView/lib/python3.7/site-packages/tornado/gen.py", line 787, in inner
    self.run()
File "/Users/donjayamanne/Desktop/Development/crap/docBug/venvNglView/lib/python3.7/site-packages/tornado/gen.py", line 748, in run
    yielded = self.gen.send(value)
File "/Users/donjayamanne/Desktop/Development/crap/docBug/venvNglView/lib/python3.7/site-packages/ipykernel/kernelbase.py", line 365, in process_one
    yield gen.maybe_future(dispatch(*args))
File "/Users/donjayamanne/Desktop/Development/crap/docBug/venvNglView/lib/python3.7/site-packages/tornado/gen.py", line 209, in wrapper
    yielded = next(result)
File "/Users/donjayamanne/Desktop/Development/crap/docBug/venvNglView/lib/python3.7/site-packages/ipykernel/kernelbase.py", line 268, in dispatch_shell
    yield gen.maybe_future(handler(stream, idents, msg))
File "/Users/donjayamanne/Desktop/Development/crap/docBug/venvNglView/lib/python3.7/site-packages/tornado/gen.py", line 209, in wrapper
    yielded = next(result)
File "/Users/donjayamanne/Desktop/Development/crap/docBug/venvNglView/lib/python3.7/site-packages/ipykernel/kernelbase.py", line 545, in execute_request
    user_expressions, allow_stdin,
File "/Users/donjayamanne/Desktop/Development/crap/docBug/venvNglView/lib/python3.7/site-packages/tornado/gen.py", line 209, in wrapper
    yielded = next(result)
File "/Users/donjayamanne/Desktop/Development/crap/docBug/venvNglView/lib/python3.7/site-packages/ipykernel/ipkernel.py", line 300, in do_execute
    res = shell.run_cell(code, store_history=store_history, silent=silent)
File "/Users/donjayamanne/Desktop/Development/crap/docBug/venvNglView/lib/python3.7/site-packages/ipykernel/zmqshell.py", line 536, in run_cell
    return super(ZMQInteractiveShell, self).run_cell(*args, **kwargs)
File "/Users/donjayamanne/Desktop/Development/crap/docBug/venvNglView/lib/python3.7/site-packages/IPython/core/interactiveshell.py", line 2858, in run_cell
    raw_cell, store_history, silent, shell_futures)
File "/Users/donjayamanne/Desktop/Development/crap/docBug/venvNglView/lib/python3.7/site-packages/IPython/core/interactiveshell.py", line 2886, in _run_cell
    return runner(coro)
File "/Users/donjayamanne/Desktop/Development/crap/docBug/venvNglView/lib/python3.7/site-packages/IPython/core/async_helpers.py", line 68, in _pseudo_sync_runner
    coro.send(None)
File "/Users/donjayamanne/Desktop/Development/crap/docBug/venvNglView/lib/python3.7/site-packages/IPython/core/interactiveshell.py", line 3063, in run_cell_async
    interactivity=interactivity, compiler=compiler, result=result)
File "/Users/donjayamanne/Desktop/Development/crap/docBug/venvNglView/lib/python3.7/site-packages/IPython/core/interactiveshell.py", line 3254, in run_ast_nodes
    if (await self.run_code(code, result,  async_=asy)):
File "/Users/donjayamanne/Desktop/Development/crap/docBug/venvNglView/lib/python3.7/site-packages/IPython/core/interactiveshell.py", line 3331, in run_code
    exec(code_obj, self.user_global_ns, self.user_ns)
File "<ipython-input-4-3b5d343c0a6b>", line 2, in <module>
    view = nglview.show_pdbid("3pqr")
File "/Users/donjayamanne/Desktop/Development/crap/docBug/venvNglView/lib/python3.7/site-packages/nglview/show.py", line 54, in show_pdbid
    return NGLWidget(structure, **kwargs)
File "/Users/donjayamanne/Desktop/Development/crap/docBug/venvNglView/lib/python3.7/site-packages/nglview/widget.py", line 264, in __init__
    self.add_structure(structure, **kwargs)
File "/Users/donjayamanne/Desktop/Development/crap/docBug/venvNglView/lib/python3.7/site-packages/nglview/widget.py", line 1130, in add_structure
    self._load_data(structure, **kwargs)
File "/Users/donjayamanne/Desktop/Development/crap/docBug/venvNglView/lib/python3.7/site-packages/nglview/widget.py", line 1238, in _load_data
    logTB()
File "/Users/donjayamanne/Desktop/Development/crap/docBug/venvNglView/lib/python3.7/site-packages/nglview/widget.py", line 62, in logTB
    for line in traceback.format_stack():
<End>
inside _load_data.1
inside _load_data.2
_remote_call.1 loadFile
_remote_call.3 loadFile
_remote_call.4 loadFile
_remote_call.5 loadFile
inside _load_data
<Start>
File "/Users/donjayamanne/.pyenv/versions/3.7.3/Python.framework/Versions/3.7/lib/python3.7/runpy.py", line 193, in _run_module_as_main
    "__main__", mod_spec)
File "/Users/donjayamanne/.pyenv/versions/3.7.3/Python.framework/Versions/3.7/lib/python3.7/runpy.py", line 85, in _run_code
    exec(code, run_globals)
File "/Users/donjayamanne/Desktop/Development/crap/docBug/venvNglView/lib/python3.7/site-packages/ipykernel_launcher.py", line 16, in <module>
    app.launch_new_instance()
File "/Users/donjayamanne/Desktop/Development/crap/docBug/venvNglView/lib/python3.7/site-packages/traitlets/config/application.py", line 664, in launch_instance
    app.start()
File "/Users/donjayamanne/Desktop/Development/crap/docBug/venvNglView/lib/python3.7/site-packages/ipykernel/kernelapp.py", line 583, in start
    self.io_loop.start()
File "/Users/donjayamanne/Desktop/Development/crap/docBug/venvNglView/lib/python3.7/site-packages/tornado/platform/asyncio.py", line 149, in start
    self.asyncio_loop.run_forever()
File "/Users/donjayamanne/.pyenv/versions/3.7.3/Python.framework/Versions/3.7/lib/python3.7/asyncio/base_events.py", line 539, in run_forever
    self._run_once()
File "/Users/donjayamanne/.pyenv/versions/3.7.3/Python.framework/Versions/3.7/lib/python3.7/asyncio/base_events.py", line 1775, in _run_once
    handle._run()
File "/Users/donjayamanne/.pyenv/versions/3.7.3/Python.framework/Versions/3.7/lib/python3.7/asyncio/events.py", line 88, in _run
    self._context.run(self._callback, *self._args)
File "/Users/donjayamanne/Desktop/Development/crap/docBug/venvNglView/lib/python3.7/site-packages/tornado/ioloop.py", line 690, in <lambda>
    lambda f: self._run_callback(functools.partial(callback, future))
File "/Users/donjayamanne/Desktop/Development/crap/docBug/venvNglView/lib/python3.7/site-packages/tornado/ioloop.py", line 743, in _run_callback
    ret = callback()
File "/Users/donjayamanne/Desktop/Development/crap/docBug/venvNglView/lib/python3.7/site-packages/tornado/gen.py", line 787, in inner
    self.run()
File "/Users/donjayamanne/Desktop/Development/crap/docBug/venvNglView/lib/python3.7/site-packages/tornado/gen.py", line 748, in run
    yielded = self.gen.send(value)
File "/Users/donjayamanne/Desktop/Development/crap/docBug/venvNglView/lib/python3.7/site-packages/ipykernel/kernelbase.py", line 365, in process_one
    yield gen.maybe_future(dispatch(*args))
File "/Users/donjayamanne/Desktop/Development/crap/docBug/venvNglView/lib/python3.7/site-packages/tornado/gen.py", line 209, in wrapper
    yielded = next(result)
File "/Users/donjayamanne/Desktop/Development/crap/docBug/venvNglView/lib/python3.7/site-packages/ipykernel/kernelbase.py", line 268, in dispatch_shell
    yield gen.maybe_future(handler(stream, idents, msg))
File "/Users/donjayamanne/Desktop/Development/crap/docBug/venvNglView/lib/python3.7/site-packages/tornado/gen.py", line 209, in wrapper
    yielded = next(result)
File "/Users/donjayamanne/Desktop/Development/crap/docBug/venvNglView/lib/python3.7/site-packages/ipykernel/kernelbase.py", line 545, in execute_request
    user_expressions, allow_stdin,
File "/Users/donjayamanne/Desktop/Development/crap/docBug/venvNglView/lib/python3.7/site-packages/tornado/gen.py", line 209, in wrapper
    yielded = next(result)
File "/Users/donjayamanne/Desktop/Development/crap/docBug/venvNglView/lib/python3.7/site-packages/ipykernel/ipkernel.py", line 300, in do_execute
    res = shell.run_cell(code, store_history=store_history, silent=silent)
File "/Users/donjayamanne/Desktop/Development/crap/docBug/venvNglView/lib/python3.7/site-packages/ipykernel/zmqshell.py", line 536, in run_cell
    return super(ZMQInteractiveShell, self).run_cell(*args, **kwargs)
File "/Users/donjayamanne/Desktop/Development/crap/docBug/venvNglView/lib/python3.7/site-packages/IPython/core/interactiveshell.py", line 2858, in run_cell
    raw_cell, store_history, silent, shell_futures)
File "/Users/donjayamanne/Desktop/Development/crap/docBug/venvNglView/lib/python3.7/site-packages/IPython/core/interactiveshell.py", line 2886, in _run_cell
    return runner(coro)
File "/Users/donjayamanne/Desktop/Development/crap/docBug/venvNglView/lib/python3.7/site-packages/IPython/core/async_helpers.py", line 68, in _pseudo_sync_runner
    coro.send(None)
File "/Users/donjayamanne/Desktop/Development/crap/docBug/venvNglView/lib/python3.7/site-packages/IPython/core/interactiveshell.py", line 3063, in run_cell_async
    interactivity=interactivity, compiler=compiler, result=result)
File "/Users/donjayamanne/Desktop/Development/crap/docBug/venvNglView/lib/python3.7/site-packages/IPython/core/interactiveshell.py", line 3254, in run_ast_nodes
    if (await self.run_code(code, result,  async_=asy)):
File "/Users/donjayamanne/Desktop/Development/crap/docBug/venvNglView/lib/python3.7/site-packages/IPython/core/interactiveshell.py", line 3331, in run_code
    exec(code_obj, self.user_global_ns, self.user_ns)
File "<ipython-input-1-3b5d343c0a6b>", line 2, in <module>
    view = nglview.show_pdbid("3pqr")
File "/Users/donjayamanne/Desktop/Development/crap/docBug/venvNglView/lib/python3.7/site-packages/nglview/show.py", line 54, in show_pdbid
    return NGLWidget(structure, **kwargs)
File "/Users/donjayamanne/Desktop/Development/crap/docBug/venvNglView/lib/python3.7/site-packages/nglview/widget.py", line 264, in __init__
    self.add_structure(structure, **kwargs)
File "/Users/donjayamanne/Desktop/Development/crap/docBug/venvNglView/lib/python3.7/site-packages/nglview/widget.py", line 1130, in add_structure
    self._load_data(structure, **kwargs)
File "/Users/donjayamanne/Desktop/Development/crap/docBug/venvNglView/lib/python3.7/site-packages/nglview/widget.py", line 1238, in _load_data
    logTB()
File "/Users/donjayamanne/Desktop/Development/crap/docBug/venvNglView/lib/python3.7/site-packages/nglview/widget.py", line 62, in logTB
    for line in traceback.format_stack():
<End>
inside _load_data.1
inside _load_data.2
_remote_call.1 loadFile
_remote_call.3 loadFile
_remote_call.4 loadFile
_remote_call.5 loadFile
inside _load_data
<Start>
File "/Users/donjayamanne/.pyenv/versions/3.7.3/Python.framework/Versions/3.7/lib/python3.7/runpy.py", line 193, in _run_module_as_main
    "__main__", mod_spec)
File "/Users/donjayamanne/.pyenv/versions/3.7.3/Python.framework/Versions/3.7/lib/python3.7/runpy.py", line 85, in _run_code
    exec(code, run_globals)
File "/Users/donjayamanne/Desktop/Development/crap/docBug/venvNglView/lib/python3.7/site-packages/ipykernel_launcher.py", line 16, in <module>
    app.launch_new_instance()
File "/Users/donjayamanne/Desktop/Development/crap/docBug/venvNglView/lib/python3.7/site-packages/traitlets/config/application.py", line 664, in launch_instance
    app.start()
File "/Users/donjayamanne/Desktop/Development/crap/docBug/venvNglView/lib/python3.7/site-packages/ipykernel/kernelapp.py", line 583, in start
    self.io_loop.start()
File "/Users/donjayamanne/Desktop/Development/crap/docBug/venvNglView/lib/python3.7/site-packages/tornado/platform/asyncio.py", line 149, in start
    self.asyncio_loop.run_forever()
File "/Users/donjayamanne/.pyenv/versions/3.7.3/Python.framework/Versions/3.7/lib/python3.7/asyncio/base_events.py", line 539, in run_forever
    self._run_once()
File "/Users/donjayamanne/.pyenv/versions/3.7.3/Python.framework/Versions/3.7/lib/python3.7/asyncio/base_events.py", line 1775, in _run_once
    handle._run()
File "/Users/donjayamanne/.pyenv/versions/3.7.3/Python.framework/Versions/3.7/lib/python3.7/asyncio/events.py", line 88, in _run
    self._context.run(self._callback, *self._args)
File "/Users/donjayamanne/Desktop/Development/crap/docBug/venvNglView/lib/python3.7/site-packages/tornado/ioloop.py", line 690, in <lambda>
    lambda f: self._run_callback(functools.partial(callback, future))
File "/Users/donjayamanne/Desktop/Development/crap/docBug/venvNglView/lib/python3.7/site-packages/tornado/ioloop.py", line 743, in _run_callback
    ret = callback()
File "/Users/donjayamanne/Desktop/Development/crap/docBug/venvNglView/lib/python3.7/site-packages/tornado/gen.py", line 787, in inner
    self.run()
File "/Users/donjayamanne/Desktop/Development/crap/docBug/venvNglView/lib/python3.7/site-packages/tornado/gen.py", line 748, in run
    yielded = self.gen.send(value)
File "/Users/donjayamanne/Desktop/Development/crap/docBug/venvNglView/lib/python3.7/site-packages/ipykernel/kernelbase.py", line 365, in process_one
    yield gen.maybe_future(dispatch(*args))
File "/Users/donjayamanne/Desktop/Development/crap/docBug/venvNglView/lib/python3.7/site-packages/tornado/gen.py", line 209, in wrapper
    yielded = next(result)
File "/Users/donjayamanne/Desktop/Development/crap/docBug/venvNglView/lib/python3.7/site-packages/ipykernel/kernelbase.py", line 268, in dispatch_shell
    yield gen.maybe_future(handler(stream, idents, msg))
File "/Users/donjayamanne/Desktop/Development/crap/docBug/venvNglView/lib/python3.7/site-packages/tornado/gen.py", line 209, in wrapper
    yielded = next(result)
File "/Users/donjayamanne/Desktop/Development/crap/docBug/venvNglView/lib/python3.7/site-packages/ipykernel/kernelbase.py", line 545, in execute_request
    user_expressions, allow_stdin,
File "/Users/donjayamanne/Desktop/Development/crap/docBug/venvNglView/lib/python3.7/site-packages/tornado/gen.py", line 209, in wrapper
    yielded = next(result)
File "/Users/donjayamanne/Desktop/Development/crap/docBug/venvNglView/lib/python3.7/site-packages/ipykernel/ipkernel.py", line 300, in do_execute
    res = shell.run_cell(code, store_history=store_history, silent=silent)
File "/Users/donjayamanne/Desktop/Development/crap/docBug/venvNglView/lib/python3.7/site-packages/ipykernel/zmqshell.py", line 536, in run_cell
    return super(ZMQInteractiveShell, self).run_cell(*args, **kwargs)
File "/Users/donjayamanne/Desktop/Development/crap/docBug/venvNglView/lib/python3.7/site-packages/IPython/core/interactiveshell.py", line 2858, in run_cell
    raw_cell, store_history, silent, shell_futures)
File "/Users/donjayamanne/Desktop/Development/crap/docBug/venvNglView/lib/python3.7/site-packages/IPython/core/interactiveshell.py", line 2886, in _run_cell
    return runner(coro)
File "/Users/donjayamanne/Desktop/Development/crap/docBug/venvNglView/lib/python3.7/site-packages/IPython/core/async_helpers.py", line 68, in _pseudo_sync_runner
    coro.send(None)
File "/Users/donjayamanne/Desktop/Development/crap/docBug/venvNglView/lib/python3.7/site-packages/IPython/core/interactiveshell.py", line 3063, in run_cell_async
    interactivity=interactivity, compiler=compiler, result=result)
File "/Users/donjayamanne/Desktop/Development/crap/docBug/venvNglView/lib/python3.7/site-packages/IPython/core/interactiveshell.py", line 3254, in run_ast_nodes
    if (await self.run_code(code, result,  async_=asy)):
File "/Users/donjayamanne/Desktop/Development/crap/docBug/venvNglView/lib/python3.7/site-packages/IPython/core/interactiveshell.py", line 3331, in run_code
    exec(code_obj, self.user_global_ns, self.user_ns)
File "<ipython-input-3-3b5d343c0a6b>", line 2, in <module>
    view = nglview.show_pdbid("3pqr")
File "/Users/donjayamanne/Desktop/Development/crap/docBug/venvNglView/lib/python3.7/site-packages/nglview/show.py", line 54, in show_pdbid
    return NGLWidget(structure, **kwargs)
File "/Users/donjayamanne/Desktop/Development/crap/docBug/venvNglView/lib/python3.7/site-packages/nglview/widget.py", line 264, in __init__
    self.add_structure(structure, **kwargs)
File "/Users/donjayamanne/Desktop/Development/crap/docBug/venvNglView/lib/python3.7/site-packages/nglview/widget.py", line 1130, in add_structure
    self._load_data(structure, **kwargs)
File "/Users/donjayamanne/Desktop/Development/crap/docBug/venvNglView/lib/python3.7/site-packages/nglview/widget.py", line 1238, in _load_data
    logTB()
File "/Users/donjayamanne/Desktop/Development/crap/docBug/venvNglView/lib/python3.7/site-packages/nglview/widget.py", line 62, in logTB
    for line in traceback.format_stack():
<End>
inside _load_data.1
inside _load_data.2
_remote_call.1 loadFile
_remote_call.3 loadFile
_remote_call.4 loadFile
_remote_call.5 loadFile
inside _load_data
<Start>
File "/Users/donjayamanne/.pyenv/versions/3.7.3/Python.framework/Versions/3.7/lib/python3.7/runpy.py", line 193, in _run_module_as_main
    "__main__", mod_spec)
File "/Users/donjayamanne/.pyenv/versions/3.7.3/Python.framework/Versions/3.7/lib/python3.7/runpy.py", line 85, in _run_code
    exec(code, run_globals)
File "/Users/donjayamanne/Desktop/Development/crap/docBug/venvNglView/lib/python3.7/site-packages/ipykernel_launcher.py", line 16, in <module>
    app.launch_new_instance()
File "/Users/donjayamanne/Desktop/Development/crap/docBug/venvNglView/lib/python3.7/site-packages/traitlets/config/application.py", line 664, in launch_instance
    app.start()
File "/Users/donjayamanne/Desktop/Development/crap/docBug/venvNglView/lib/python3.7/site-packages/ipykernel/kernelapp.py", line 583, in start
    self.io_loop.start()
File "/Users/donjayamanne/Desktop/Development/crap/docBug/venvNglView/lib/python3.7/site-packages/tornado/platform/asyncio.py", line 149, in start
    self.asyncio_loop.run_forever()
File "/Users/donjayamanne/.pyenv/versions/3.7.3/Python.framework/Versions/3.7/lib/python3.7/asyncio/base_events.py", line 539, in run_forever
    self._run_once()
File "/Users/donjayamanne/.pyenv/versions/3.7.3/Python.framework/Versions/3.7/lib/python3.7/asyncio/base_events.py", line 1775, in _run_once
    handle._run()
File "/Users/donjayamanne/.pyenv/versions/3.7.3/Python.framework/Versions/3.7/lib/python3.7/asyncio/events.py", line 88, in _run
    self._context.run(self._callback, *self._args)
File "/Users/donjayamanne/Desktop/Development/crap/docBug/venvNglView/lib/python3.7/site-packages/tornado/ioloop.py", line 690, in <lambda>
    lambda f: self._run_callback(functools.partial(callback, future))
File "/Users/donjayamanne/Desktop/Development/crap/docBug/venvNglView/lib/python3.7/site-packages/tornado/ioloop.py", line 743, in _run_callback
    ret = callback()
File "/Users/donjayamanne/Desktop/Development/crap/docBug/venvNglView/lib/python3.7/site-packages/tornado/gen.py", line 787, in inner
    self.run()
File "/Users/donjayamanne/Desktop/Development/crap/docBug/venvNglView/lib/python3.7/site-packages/tornado/gen.py", line 748, in run
    yielded = self.gen.send(value)
File "/Users/donjayamanne/Desktop/Development/crap/docBug/venvNglView/lib/python3.7/site-packages/ipykernel/kernelbase.py", line 365, in process_one
    yield gen.maybe_future(dispatch(*args))
File "/Users/donjayamanne/Desktop/Development/crap/docBug/venvNglView/lib/python3.7/site-packages/tornado/gen.py", line 209, in wrapper
    yielded = next(result)
File "/Users/donjayamanne/Desktop/Development/crap/docBug/venvNglView/lib/python3.7/site-packages/ipykernel/kernelbase.py", line 268, in dispatch_shell
    yield gen.maybe_future(handler(stream, idents, msg))
File "/Users/donjayamanne/Desktop/Development/crap/docBug/venvNglView/lib/python3.7/site-packages/tornado/gen.py", line 209, in wrapper
    yielded = next(result)
File "/Users/donjayamanne/Desktop/Development/crap/docBug/venvNglView/lib/python3.7/site-packages/ipykernel/kernelbase.py", line 545, in execute_request
    user_expressions, allow_stdin,
File "/Users/donjayamanne/Desktop/Development/crap/docBug/venvNglView/lib/python3.7/site-packages/tornado/gen.py", line 209, in wrapper
    yielded = next(result)
File "/Users/donjayamanne/Desktop/Development/crap/docBug/venvNglView/lib/python3.7/site-packages/ipykernel/ipkernel.py", line 300, in do_execute
    res = shell.run_cell(code, store_history=store_history, silent=silent)
File "/Users/donjayamanne/Desktop/Development/crap/docBug/venvNglView/lib/python3.7/site-packages/ipykernel/zmqshell.py", line 536, in run_cell
    return super(ZMQInteractiveShell, self).run_cell(*args, **kwargs)
File "/Users/donjayamanne/Desktop/Development/crap/docBug/venvNglView/lib/python3.7/site-packages/IPython/core/interactiveshell.py", line 2858, in run_cell
    raw_cell, store_history, silent, shell_futures)
File "/Users/donjayamanne/Desktop/Development/crap/docBug/venvNglView/lib/python3.7/site-packages/IPython/core/interactiveshell.py", line 2886, in _run_cell
    return runner(coro)
File "/Users/donjayamanne/Desktop/Development/crap/docBug/venvNglView/lib/python3.7/site-packages/IPython/core/async_helpers.py", line 68, in _pseudo_sync_runner
    coro.send(None)
File "/Users/donjayamanne/Desktop/Development/crap/docBug/venvNglView/lib/python3.7/site-packages/IPython/core/interactiveshell.py", line 3063, in run_cell_async
    interactivity=interactivity, compiler=compiler, result=result)
File "/Users/donjayamanne/Desktop/Development/crap/docBug/venvNglView/lib/python3.7/site-packages/IPython/core/interactiveshell.py", line 3254, in run_ast_nodes
    if (await self.run_code(code, result,  async_=asy)):
File "/Users/donjayamanne/Desktop/Development/crap/docBug/venvNglView/lib/python3.7/site-packages/IPython/core/interactiveshell.py", line 3331, in run_code
    exec(code_obj, self.user_global_ns, self.user_ns)
File "<ipython-input-2-3b5d343c0a6b>", line 2, in <module>
    view = nglview.show_pdbid("3pqr")
File "/Users/donjayamanne/Desktop/Development/crap/docBug/venvNglView/lib/python3.7/site-packages/nglview/show.py", line 54, in show_pdbid
    return NGLWidget(structure, **kwargs)
File "/Users/donjayamanne/Desktop/Development/crap/docBug/venvNglView/lib/python3.7/site-packages/nglview/widget.py", line 264, in __init__
    self.add_structure(structure, **kwargs)
File "/Users/donjayamanne/Desktop/Development/crap/docBug/venvNglView/lib/python3.7/site-packages/nglview/widget.py", line 1130, in add_structure
    self._load_data(structure, **kwargs)
File "/Users/donjayamanne/Desktop/Development/crap/docBug/venvNglView/lib/python3.7/site-packages/nglview/widget.py", line 1238, in _load_data
    logTB()
File "/Users/donjayamanne/Desktop/Development/crap/docBug/venvNglView/lib/python3.7/site-packages/nglview/widget.py", line 62, in logTB
    for line in traceback.format_stack():
<End>
inside _load_data.1
inside _load_data.2
_remote_call.1 loadFile
_remote_call.3 loadFile
_remote_call.4 loadFile
_remote_call.5 loadFile
handle_msg_callback request_loaded
self.loaded updated True
<Start>
File "/Users/donjayamanne/.pyenv/versions/3.7.3/Python.framework/Versions/3.7/lib/python3.7/runpy.py", line 193, in _run_module_as_main
    "__main__", mod_spec)
File "/Users/donjayamanne/.pyenv/versions/3.7.3/Python.framework/Versions/3.7/lib/python3.7/runpy.py", line 85, in _run_code
    exec(code, run_globals)
File "/Users/donjayamanne/Desktop/Development/crap/docBug/venvNglView/lib/python3.7/site-packages/ipykernel_launcher.py", line 16, in <module>
    app.launch_new_instance()
File "/Users/donjayamanne/Desktop/Development/crap/docBug/venvNglView/lib/python3.7/site-packages/traitlets/config/application.py", line 664, in launch_instance
    app.start()
File "/Users/donjayamanne/Desktop/Development/crap/docBug/venvNglView/lib/python3.7/site-packages/ipykernel/kernelapp.py", line 583, in start
    self.io_loop.start()
File "/Users/donjayamanne/Desktop/Development/crap/docBug/venvNglView/lib/python3.7/site-packages/tornado/platform/asyncio.py", line 149, in start
    self.asyncio_loop.run_forever()
File "/Users/donjayamanne/.pyenv/versions/3.7.3/Python.framework/Versions/3.7/lib/python3.7/asyncio/base_events.py", line 539, in run_forever
    self._run_once()
File "/Users/donjayamanne/.pyenv/versions/3.7.3/Python.framework/Versions/3.7/lib/python3.7/asyncio/base_events.py", line 1775, in _run_once
    handle._run()
File "/Users/donjayamanne/.pyenv/versions/3.7.3/Python.framework/Versions/3.7/lib/python3.7/asyncio/events.py", line 88, in _run
    self._context.run(self._callback, *self._args)
File "/Users/donjayamanne/Desktop/Development/crap/docBug/venvNglView/lib/python3.7/site-packages/tornado/ioloop.py", line 690, in <lambda>
    lambda f: self._run_callback(functools.partial(callback, future))
File "/Users/donjayamanne/Desktop/Development/crap/docBug/venvNglView/lib/python3.7/site-packages/tornado/ioloop.py", line 743, in _run_callback
    ret = callback()
File "/Users/donjayamanne/Desktop/Development/crap/docBug/venvNglView/lib/python3.7/site-packages/tornado/gen.py", line 787, in inner
    self.run()
File "/Users/donjayamanne/Desktop/Development/crap/docBug/venvNglView/lib/python3.7/site-packages/tornado/gen.py", line 748, in run
    yielded = self.gen.send(value)
File "/Users/donjayamanne/Desktop/Development/crap/docBug/venvNglView/lib/python3.7/site-packages/ipykernel/kernelbase.py", line 365, in process_one
    yield gen.maybe_future(dispatch(*args))
File "/Users/donjayamanne/Desktop/Development/crap/docBug/venvNglView/lib/python3.7/site-packages/tornado/gen.py", line 209, in wrapper
    yielded = next(result)
File "/Users/donjayamanne/Desktop/Development/crap/docBug/venvNglView/lib/python3.7/site-packages/ipykernel/kernelbase.py", line 268, in dispatch_shell
    yield gen.maybe_future(handler(stream, idents, msg))
File "/Users/donjayamanne/Desktop/Development/crap/docBug/venvNglView/lib/python3.7/site-packages/ipykernel/comm/manager.py", line 111, in comm_msg
    comm.handle_msg(msg)
File "/Users/donjayamanne/Desktop/Development/crap/docBug/venvNglView/lib/python3.7/site-packages/ipykernel/comm/comm.py", line 161, in handle_msg
    self._msg_callback(msg)
File "/Users/donjayamanne/Desktop/Development/crap/docBug/venvNglView/lib/python3.7/site-packages/ipywidgets/widgets/widget.py", line 217, in m
    return(method(self, *args, **kwargs))
File "/Users/donjayamanne/Desktop/Development/crap/docBug/venvNglView/lib/python3.7/site-packages/ipywidgets/widgets/widget.py", line 685, in _handle_msg
    self._handle_custom_msg(data['content'], msg['buffers'])
File "/Users/donjayamanne/Desktop/Development/crap/docBug/venvNglView/lib/python3.7/site-packages/ipywidgets/widgets/widget.py", line 693, in _handle_custom_msg
    self._msg_callbacks(self, content, buffers)
File "/Users/donjayamanne/Desktop/Development/crap/docBug/venvNglView/lib/python3.7/site-packages/ipywidgets/widgets/widget.py", line 186, in __call__
    local_value = callback(*args, **kwargs)
File "/Users/donjayamanne/Desktop/Development/crap/docBug/venvNglView/lib/python3.7/site-packages/nglview/widget.py", line 1089, in _ngl_handle_msg
    logTB()
File "/Users/donjayamanne/Desktop/Development/crap/docBug/venvNglView/lib/python3.7/site-packages/nglview/widget.py", line 62, in logTB
    for line in traceback.format_stack():
<End>
handle_msg_callback updateIDs
handle_msg_callback async_message
handle_msg_callback request_repr_dict
handle_msg_callback request_repr_dict
handle_msg_callback request_repr_dict
